2/13/2026, 9:53:02 PM GMT+1 0: 

----------------------------------------------
2/13/2026, 9:53:02 PM GMT+1 1: Discord starting: {"releaseChannel":"stable","version":"0.0.124"}, modulepath: /home/hbl/.config/discord/0.0.124/modules
2/13/2026, 9:53:02 PM GMT+1 2: ✅ webContents.created web1 "index.html"
2/13/2026, 9:53:02 PM GMT+1 3: ✅ window.created win1 "discord"
2/13/2026, 9:53:02 PM GMT+1 4: ✅ webContents.did-finish-load web1
2/13/2026, 9:53:12 PM GMT+1 5: ✅ webContents.created web2 ""
2/13/2026, 9:53:12 PM GMT+1 6: ✅ window.created win2 "Discord"
2/13/2026, 9:53:14 PM GMT+1 7: ✅ webContents.did-finish-load web2
2/13/2026, 9:53:14 PM GMT+1 8: window.close win1
2/13/2026, 9:53:14 PM GMT+1 9: webContents.destroyed web1
2/13/2026, 9:53:14 PM GMT+1 10: window.closed win1
2/13/2026, 11:53:07 PM GMT+1 11: window.close win2
2/13/2026, 11:53:13 PM GMT+1 12: before-quit
2/14/2026, 7:42:19 PM GMT+1 0: 

----------------------------------------------
2/14/2026, 7:42:19 PM GMT+1 1: Discord starting: {"releaseChannel":"stable","version":"0.0.124"}, modulepath: /home/hbl/.config/discord/0.0.124/modules
2/14/2026, 7:42:19 PM GMT+1 2: ✅ webContents.created web1 ""
2/14/2026, 7:42:19 PM GMT+1 3: ✅ window.created win1 "discord"
2/14/2026, 7:42:19 PM GMT+1 4: ✅ webContents.did-finish-load web1
2/14/2026, 7:42:19 PM GMT+1 5: ✅ webContents.created web2 ""
2/14/2026, 7:42:19 PM GMT+1 6: ✅ window.created win2 "Discord"
2/14/2026, 7:42:20 PM GMT+1 7: ✅ webContents.did-finish-load web2
2/14/2026, 7:42:21 PM GMT+1 8: window.close win1
2/14/2026, 7:42:21 PM GMT+1 9: webContents.destroyed web1
2/14/2026, 7:42:21 PM GMT+1 10: window.closed win1
2/14/2026, 7:48:35 PM GMT+1 11: window.close win2
2/14/2026, 7:48:38 PM GMT+1 12: before-quit
2/14/2026, 8:44:36 PM GMT+1 0: 

----------------------------------------------
2/14/2026, 8:44:36 PM GMT+1 1: Discord starting: {"releaseChannel":"stable","version":"0.0.124"}, modulepath: /home/hbl/.config/discord/0.0.124/modules
2/14/2026, 8:44:36 PM GMT+1 2: ✅ webContents.created web1 ""
2/14/2026, 8:44:36 PM GMT+1 3: ✅ window.created win1 "discord"
2/14/2026, 8:44:36 PM GMT+1 4: ✅ webContents.did-finish-load web1
2/14/2026, 8:44:36 PM GMT+1 5: ✅ webContents.created web2 ""
2/14/2026, 8:44:36 PM GMT+1 6: ✅ window.created win2 "Discord"
2/14/2026, 8:44:36 PM GMT+1 7: ✅ webContents.did-finish-load web2
2/14/2026, 8:44:37 PM GMT+1 8: window.close win1
2/14/2026, 8:44:37 PM GMT+1 9: webContents.destroyed web1
2/14/2026, 8:44:37 PM GMT+1 10: window.closed win1
2/14/2026, 8:45:14 PM GMT+1 11: window.close win2
2/14/2026, 8:45:22 PM GMT+1 0: 

----------------------------------------------
2/14/2026, 8:45:22 PM GMT+1 1: Discord starting: {"releaseChannel":"stable","version":"0.0.124"}, modulepath: /home/hbl/.config/discord/0.0.124/modules
2/14/2026, 11:28:38 PM GMT+1 12: window.close win2
